* using log directory 'H:/dsPackages/dsBaseclient.Rcheck'
* using R version 4.0.2 (2020-06-22)
* using platform: x86_64-w64-mingw32 (64-bit)
* using session charset: ISO8859-1
* using options '--no-manual --as-cran'
* checking for file 'dsBaseclient/DESCRIPTION' ... OK
* checking extension type ... Package
* this is package 'dsBaseclient' version '0.1.0'
* package encoding: UTF-8
* checking package namespace information ... OK
* checking package dependencies ... OK
* checking if this is a source package ... OK
* checking if there is a namespace ... OK
* checking for executable files ... OK
* checking for hidden files and directories ... OK
* checking for portable file names ... OK
* checking serialization versions ... OK
* checking whether package 'dsBaseclient' can be installed ... OK
* checking installed package size ... NOTE
  installed size is 19.0Mb
  sub-directories of 1Mb or more:
    Meta   6.0Mb
    R      3.0Mb
    help   5.0Mb
    html   2.0Mb
* checking package directory ... OK
* checking for future file timestamps ... OK
* checking DESCRIPTION meta-information ... OK
* checking top-level files ... OK
* checking for left-over files ... OK
* checking index information ... OK
* checking package subdirectories ... OK
* checking R files for non-ASCII characters ... OK
* checking R files for syntax errors ... OK
* checking whether the package can be loaded ... OK
* checking whether the package can be loaded with stated dependencies ... OK
* checking whether the package can be unloaded cleanly ... OK
* checking whether the namespace can be loaded with stated dependencies ... OK
* checking whether the namespace can be unloaded cleanly ... OK
* checking loading without being on the library search path ... OK
* checking dependencies in R code ... WARNING
'::' or ':::' imports not declared from:
  'DSI' 'dsBase' 'dsBaseClient' 'mixmeta' 'survival'
Unexported objects imported by ':::' calls:
  'dsBaseClient:::checkClass' 'dsBaseClient:::extract'
  'dsBaseClient:::isDefined'
  See the note in ?`:::` about the use of this operator.
* checking S3 generic/method consistency ... OK
* checking replacement functions ... OK
* checking foreign function calls ... OK
* checking R code for possible problems ... NOTE
SurvDS: no visible binding for global variable 'origin'
ds.Surv: no visible global function definition for
  'datashield.connections_find'
ds.coxSLMA: no visible global function definition for
  'datashield.connections_find'
Undefined global functions or variables:
  datashield.connections_find origin
* checking Rd files ... OK
* checking Rd metadata ... OK
* checking Rd line widths ... OK
* checking Rd cross-references ... WARNING
Missing link or links in documentation object 'ds.Surv.Rd':
  'DSConnection-class' 'datashield.connections_default'

Missing link or links in documentation object 'ds.coxSLMA.Rd':
  'DSConnection-class' 'datashield.connections_default'

See section 'Cross-references' in the 'Writing R Extensions' manual.

* checking for missing documentation entries ... OK
* checking for code/documentation mismatches ... OK
* checking Rd \usage sections ... WARNING
Undocumented arguments in documentation object 'ds.coxSLMA'
  'combine.with.mixmeta'

Functions with \usage entries need to have the appropriate \alias
entries, and all their arguments documented.
The \usage entries must correspond to syntactically valid R code.
See chapter 'Writing R documentation files' in the 'Writing R
Extensions' manual.
* checking Rd contents ... OK
* checking for unstated dependencies in examples ... OK
* checking examples ... OK
* checking for non-standard things in the check directory ... OK
* checking for detritus in the temp directory ... OK
* DONE
Status: 3 WARNINGs, 2 NOTEs
